\BOOKMARK [0][]{chapter.1}{1 Les signaux}{}
\BOOKMARK [1][]{section.1.1}{1.1 Pr\351ambule}{chapter.1}
\BOOKMARK [1][]{section.1.2}{1.2 Classification des signaux}{chapter.1}
\BOOKMARK [2][]{subsection.1.2.1}{1.2.1 Classification dimensionnelle}{section.1.2}
\BOOKMARK [2][]{subsection.1.2.2}{1.2.2 Classification ph\351nom\351nologique}{section.1.2}
\BOOKMARK [2][]{subsection.1.2.3}{1.2.3 Classification morphologique}{section.1.2}
\BOOKMARK [2][]{subsection.1.2.4}{1.2.4 Classification \351nerg\351tique}{section.1.2}
\BOOKMARK [1][]{section.1.3}{1.3 Signaux et distributions classiques}{chapter.1}
\BOOKMARK [2][]{subsection.1.3.1}{1.3.1 Fen\352tre rectangulaire ou Porte}{section.1.3}
\BOOKMARK [2][]{subsection.1.3.2}{1.3.2 Impulsion de Dirac}{section.1.3}
\BOOKMARK [2][]{subsection.1.3.3}{1.3.3 << Peigne >> de Dirac}{section.1.3}
\BOOKMARK [2][]{subsection.1.3.4}{1.3.4 Sinus cardinal}{section.1.3}
\BOOKMARK [1][]{section.1.4}{1.4 Evaluation de la similitude entre deux signaux}{chapter.1}
\BOOKMARK [2][]{subsection.1.4.1}{1.4.1 Les fonctions d'inter-corr\351lation et d'auto-corr\351lation}{section.1.4}
\BOOKMARK [0][]{chapter.2}{2 Transform\351es de signaux}{}
\BOOKMARK [1][]{section.2.1}{2.1 Le produit de convolution}{chapter.2}
\BOOKMARK [1][]{section.2.2}{2.2 Rappels sur la d\351composition en s\351rie de Fourier des signaux p\351riodiques}{chapter.2}
\BOOKMARK [1][]{section.2.3}{2.3 La transform\351e de Fourier}{chapter.2}
\BOOKMARK [2][]{subsection.2.3.1}{2.3.1 D\351finition de la transform\351e de Fourier}{section.2.3}
\BOOKMARK [2][]{subsection.2.3.2}{2.3.2 Propri\351t\351s de la transform\351e de Fourier}{section.2.3}
\BOOKMARK [2][]{subsection.2.3.3}{2.3.3 Les transform\351es de Fourier de signaux courants}{section.2.3}
\BOOKMARK [2][]{subsection.2.3.4}{2.3.4 La fonction de densit\351 spectrale d'\351nergie}{section.2.3}
\BOOKMARK [1][]{section.2.4}{2.4 L'\351chantillonnage}{chapter.2}
\BOOKMARK [2][]{subsection.2.4.1}{2.4.1 D\351finition de l'\351chantillonnage}{section.2.4}
\BOOKMARK [2][]{subsection.2.4.2}{2.4.2 La quantification}{section.2.4}
\BOOKMARK [1][]{section.2.5}{2.5 La transform\351e de Fourier \340 temps discret}{chapter.2}
\BOOKMARK [1][]{section.2.6}{2.6 Le th\351or\350me de Shannon}{chapter.2}
\BOOKMARK [1][]{section.2.7}{2.7 La transform\351e en Z}{chapter.2}
\BOOKMARK [2][]{subsection.2.7.1}{2.7.1 D\351finition de la transform\351e en Z}{section.2.7}
\BOOKMARK [2][]{subsection.2.7.2}{2.7.2 Existence de la transform\351e en Z}{section.2.7}
\BOOKMARK [2][]{subsection.2.7.3}{2.7.3 Propri\351t\351s de la transform\351e en Z}{section.2.7}
\BOOKMARK [0][]{chapter.3}{3 Syst\350mes lin\351aires et filtrage}{}
\BOOKMARK [1][]{section.3.1}{3.1 Introduction}{chapter.3}
\BOOKMARK [1][]{section.3.2}{3.2 R\351ponse impulsionnelle d'un syst\350me}{chapter.3}
\BOOKMARK [1][]{section.3.3}{3.3 R\351ponse fr\351quentielle d'un syst\350me}{chapter.3}
\BOOKMARK [1][]{section.3.4}{3.4 Filtrage}{chapter.3}
\BOOKMARK [2][]{subsection.3.4.1}{3.4.1 Filtres classiques - vocabulaire}{section.3.4}
\BOOKMARK [2][]{subsection.3.4.2}{3.4.2 Filtres num\351riques}{section.3.4}
\BOOKMARK [2][]{subsection.3.4.3}{3.4.3 Exemples de filtres}{section.3.4}
\BOOKMARK [3][]{subsubsection.3.4.3.1}{3.4.3.1 Le filtre moyenneur lisseur}{subsection.3.4.3}
\BOOKMARK [3][]{subsubsection.3.4.3.2}{3.4.3.2 Le filtre passe-bas}{subsection.3.4.3}
\BOOKMARK [3][]{subsubsection.3.4.3.3}{3.4.3.3 Le filtre vocal}{subsection.3.4.3}
\BOOKMARK [0][]{chapter.4}{4 Modes de repr\351sentation des signaux}{}
\BOOKMARK [1][]{section.4.1}{4.1 Fen\352trage des signaux}{chapter.4}
\BOOKMARK [1][]{section.4.2}{4.2 Le spectrogramme}{chapter.4}
\BOOKMARK [1][]{section.4.3}{4.3 Pertinence et choix d'un mode de repr\351sentation}{chapter.4}
\BOOKMARK [1][]{section.4.4}{4.4 Le spectre moyenn\351 \(Long Term Average Spectrum LTAS\)}{chapter.4}
